16:09:14 **** Build of configuration Debug for project Ven_project ****
make -r all 
Building file: ../src/I2C.cpp
Invoking: MCU C++ Compiler
arm-none-eabi-c++ -D__NEWLIB__ -DDEBUG -D__CODE_RED -DCORE_M3 -D__USE_LPCOPEN -DCPP_USE_HEAP -D__LPC15XX__ -I"C:\Users\Nick\Documents\LPCXpresso_8.2.2_650\workspace\lpc_board_nxp_lpcxpresso_1549\inc" -I"C:\Users\Nick\Documents\LPCXpresso_8.2.2_650\workspace\lpc_chip_15xx\inc" -O0 -fno-common -g3 -Wall -c -fmessage-length=0 -fno-builtin -ffunction-sections -fdata-sections -fno-rtti -fno-exceptions -mcpu=cortex-m3 -mthumb -MMD -MP -MF"src/I2C.d" -MT"src/I2C.o" -MT"src/I2C.d" -o "src/I2C.o" "../src/I2C.cpp"
Finished building: ../src/I2C.cpp
 
Building file: ../src/ModbusMaster.cpp
Invoking: MCU C++ Compiler
arm-none-eabi-c++ -D__NEWLIB__ -DDEBUG -D__CODE_RED -DCORE_M3 -D__USE_LPCOPEN -DCPP_USE_HEAP -D__LPC15XX__ -I"C:\Users\Nick\Documents\LPCXpresso_8.2.2_650\workspace\lpc_board_nxp_lpcxpresso_1549\inc" -I"C:\Users\Nick\Documents\LPCXpresso_8.2.2_650\workspace\lpc_chip_15xx\inc" -O0 -fno-common -g3 -Wall -c -fmessage-length=0 -fno-builtin -ffunction-sections -fdata-sections -fno-rtti -fno-exceptions -mcpu=cortex-m3 -mthumb -MMD -MP -MF"src/ModbusMaster.d" -MT"src/ModbusMaster.o" -MT"src/ModbusMaster.d" -o "src/ModbusMaster.o" "../src/ModbusMaster.cpp"
Finished building: ../src/ModbusMaster.cpp
 
Building file: ../src/SerialPort.cpp
Invoking: MCU C++ Compiler
arm-none-eabi-c++ -D__NEWLIB__ -DDEBUG -D__CODE_RED -DCORE_M3 -D__USE_LPCOPEN -DCPP_USE_HEAP -D__LPC15XX__ -I"C:\Users\Nick\Documents\LPCXpresso_8.2.2_650\workspace\lpc_board_nxp_lpcxpresso_1549\inc" -I"C:\Users\Nick\Documents\LPCXpresso_8.2.2_650\workspace\lpc_chip_15xx\inc" -O0 -fno-common -g3 -Wall -c -fmessage-length=0 -fno-builtin -ffunction-sections -fdata-sections -fno-rtti -fno-exceptions -mcpu=cortex-m3 -mthumb -MMD -MP -MF"src/SerialPort.d" -MT"src/SerialPort.o" -MT"src/SerialPort.d" -o "src/SerialPort.o" "../src/SerialPort.cpp"
Finished building: ../src/SerialPort.cpp
 
Building file: ../src/cr_cpp_config.cpp
Invoking: MCU C++ Compiler
arm-none-eabi-c++ -D__NEWLIB__ -DDEBUG -D__CODE_RED -DCORE_M3 -D__USE_LPCOPEN -DCPP_USE_HEAP -D__LPC15XX__ -I"C:\Users\Nick\Documents\LPCXpresso_8.2.2_650\workspace\lpc_board_nxp_lpcxpresso_1549\inc" -I"C:\Users\Nick\Documents\LPCXpresso_8.2.2_650\workspace\lpc_chip_15xx\inc" -O0 -fno-common -g3 -Wall -c -fmessage-length=0 -fno-builtin -ffunction-sections -fdata-sections -fno-rtti -fno-exceptions -mcpu=cortex-m3 -mthumb -MMD -MP -MF"src/cr_cpp_config.d" -MT"src/cr_cpp_config.o" -MT"src/cr_cpp_config.d" -o "src/cr_cpp_config.o" "../src/cr_cpp_config.cpp"
Finished building: ../src/cr_cpp_config.cpp
 
Building file: ../src/cr_startup_lpc15xx.cpp
Invoking: MCU C++ Compiler
arm-none-eabi-c++ -D__NEWLIB__ -DDEBUG -D__CODE_RED -DCORE_M3 -D__USE_LPCOPEN -DCPP_USE_HEAP -D__LPC15XX__ -I"C:\Users\Nick\Documents\LPCXpresso_8.2.2_650\workspace\lpc_board_nxp_lpcxpresso_1549\inc" -I"C:\Users\Nick\Documents\LPCXpresso_8.2.2_650\workspace\lpc_chip_15xx\inc" -O0 -fno-common -g3 -Wall -c -fmessage-length=0 -fno-builtin -ffunction-sections -fdata-sections -fno-rtti -fno-exceptions -mcpu=cortex-m3 -mthumb -MMD -MP -MF"src/cr_startup_lpc15xx.d" -MT"src/cr_startup_lpc15xx.o" -MT"src/cr_startup_lpc15xx.d" -o "src/cr_startup_lpc15xx.o" "../src/cr_startup_lpc15xx.cpp"
Finished building: ../src/cr_startup_lpc15xx.cpp
 
Building file: ../src/crp.c
Invoking: MCU C Compiler
arm-none-eabi-gcc -D__NEWLIB__ -DDEBUG -D__CODE_RED -DCORE_M3 -D__USE_LPCOPEN -DCPP_USE_HEAP -D__LPC15XX__ -I"C:\Users\Nick\Documents\LPCXpresso_8.2.2_650\workspace\lpc_board_nxp_lpcxpresso_1549\inc" -I"C:\Users\Nick\Documents\LPCXpresso_8.2.2_650\workspace\lpc_chip_15xx\inc" -O0 -fno-common -g3 -Wall -c -fmessage-length=0 -fno-builtin -ffunction-sections -fdata-sections -mcpu=cortex-m3 -mthumb -MMD -MP -MF"src/crp.d" -MT"src/crp.o" -MT"src/crp.d" -o "src/crp.o" "../src/crp.c"
Finished building: ../src/crp.c
 
Building file: ../src/retarget_itm.c
Invoking: MCU C Compiler
arm-none-eabi-gcc -D__NEWLIB__ -DDEBUG -D__CODE_RED -DCORE_M3 -D__USE_LPCOPEN -DCPP_USE_HEAP -D__LPC15XX__ -I"C:\Users\Nick\Documents\LPCXpresso_8.2.2_650\workspace\lpc_board_nxp_lpcxpresso_1549\inc" -I"C:\Users\Nick\Documents\LPCXpresso_8.2.2_650\workspace\lpc_chip_15xx\inc" -O0 -fno-common -g3 -Wall -c -fmessage-length=0 -fno-builtin -ffunction-sections -fdata-sections -mcpu=cortex-m3 -mthumb -MMD -MP -MF"src/retarget_itm.d" -MT"src/retarget_itm.o" -MT"src/retarget_itm.d" -o "src/retarget_itm.o" "../src/retarget_itm.c"
Finished building: ../src/retarget_itm.c
 
Building file: ../src/sysinit.c
Invoking: MCU C Compiler
arm-none-eabi-gcc -D__NEWLIB__ -DDEBUG -D__CODE_RED -DCORE_M3 -D__USE_LPCOPEN -DCPP_USE_HEAP -D__LPC15XX__ -I"C:\Users\Nick\Documents\LPCXpresso_8.2.2_650\workspace\lpc_board_nxp_lpcxpresso_1549\inc" -I"C:\Users\Nick\Documents\LPCXpresso_8.2.2_650\workspace\lpc_chip_15xx\inc" -O0 -fno-common -g3 -Wall -c -fmessage-length=0 -fno-builtin -ffunction-sections -fdata-sections -mcpu=cortex-m3 -mthumb -MMD -MP -MF"src/sysinit.d" -MT"src/sysinit.o" -MT"src/sysinit.d" -o "src/sysinit.o" "../src/sysinit.c"
Finished building: ../src/sysinit.c
 
Building file: ../src/uart_test.cpp
Invoking: MCU C++ Compiler
arm-none-eabi-c++ -D__NEWLIB__ -DDEBUG -D__CODE_RED -DCORE_M3 -D__USE_LPCOPEN -DCPP_USE_HEAP -D__LPC15XX__ -I"C:\Users\Nick\Documents\LPCXpresso_8.2.2_650\workspace\lpc_board_nxp_lpcxpresso_1549\inc" -I"C:\Users\Nick\Documents\LPCXpresso_8.2.2_650\workspace\lpc_chip_15xx\inc" -O0 -fno-common -g3 -Wall -c -fmessage-length=0 -fno-builtin -ffunction-sections -fdata-sections -fno-rtti -fno-exceptions -mcpu=cortex-m3 -mthumb -MMD -MP -MF"src/uart_test.d" -MT"src/uart_test.o" -MT"src/uart_test.d" -o "src/uart_test.o" "../src/uart_test.cpp"
Finished building: ../src/uart_test.cpp
 
Building target: Ven_project.axf
Invoking: MCU C++ Linker
arm-none-eabi-c++ -nostdlib -L"C:\Users\Nick\Documents\LPCXpresso_8.2.2_650\workspace\lpc_board_nxp_lpcxpresso_1549\Debug" -L"C:\Users\Nick\Documents\LPCXpresso_8.2.2_650\workspace\lpc_chip_15xx\Debug" -Xlinker -Map="Ven_project.map" -Xlinker --gc-sections -Xlinker -print-memory-usage -mcpu=cortex-m3 -mthumb -T "VEntilation_Debug.ld" -o "Ven_project.axf"  ./src/I2C.o ./src/ModbusMaster.o ./src/SerialPort.o ./src/cr_cpp_config.o ./src/cr_startup_lpc15xx.o ./src/crp.o ./src/retarget_itm.o ./src/sysinit.o ./src/uart_test.o   -llpc_board_nxp_lpcxpresso_1549 -llpc_chip_15xx
Memory region         Used Size  Region Size  %age Used
       MFlash256:       38340 B       256 KB     14.63%
         Ram0_16:        2320 B        16 KB     14.16%
C:\Users\Nick\Documents\LPCXpresso_8.2.2_650\workspace\lpc_board_nxp_lpcxpresso_1549\Debug\liblpc_board_nxp_lpcxpresso_1549.a(board.o): In function `_write':
C:\Users\Nick\Documents\LPCXpresso_8.2.2_650\workspace\lpc_board_nxp_lpcxpresso_1549\Debug/../src/retarget.h:229: multiple definition of `_write'
         Ram1_16:          0 GB        16 KB      0.00%
./src/retarget_itm.o:C:\Users\Nick\Documents\LPCXpresso_8.2.2_650\workspace\Ven_project\Debug/../src/retarget_itm.c:78: first defined here
          Ram2_4:          0 GB         4 KB      0.00%
C:\Users\Nick\Documents\LPCXpresso_8.2.2_650\workspace\lpc_board_nxp_lpcxpresso_1549\Debug\liblpc_board_nxp_lpcxpresso_1549.a(board.o): In function `Chip_IOCON_PinMuxSet':
C:\Users\Nick\Documents\LPCXpresso_8.2.2_650\workspace\lpc_chip_15xx\inc/iocon_15xx.h:96: multiple definition of `_read'
./src/retarget_itm.o:retarget_itm.c:(.text._read+0x0): first defined here
collect2.exe: error: ld returned 1 exit status
make: *** [Ven_project.axf] Error 1

16:09:16 Build Finished (took 2s.274ms)

